<?xml version="1.0" encoding="UTF-8"?>
<!-- Generated by org.testng.reporters.JUnitReportReporter -->
<testsuite hostname="LAPTOP-0ETEA5TC" failures="0" tests="1" name="comm.demo" time="3.531" errors="0" timestamp="2024-12-25T16:04:07 IST" skipped="0">
  <testcase classname="comm.demo" name="test" time="3.531">
    <system-out>
      <![CDATA[Web form]]>
    </system-out>
  </testcase> <!-- test -->
  <system-out>
    <![CDATA[Web form]]>
  </system-out>
</testsuite> <!-- comm.demo -->
