<?xml version="1.0" encoding="UTF-8"?>
<!-- Generated by org.testng.reporters.JUnitReportReporter -->
<testsuite hostname="LAPTOP-0ETEA5TC" failures="0" tests="1" name="comm.demo" time="1.547" errors="0" timestamp="2024-12-24T13:47:18 IST" skipped="0">
  <testcase classname="comm.demo" name="test" time="1.547"/>
</testsuite> <!-- comm.demo -->
